
> c-users-galaxy-grantwisdom-blog@0.0.1 build
> astro build

[2m05:02:34[22m [34m[vite][39m Re-optimizing dependencies because vite config has changed
[2m05:02:35[22m [34m[content][39m Syncing content
[2m05:02:35[22m [34m[content][39m Synced content
[2m05:02:35[22m [34m[types][39m Generated [2m569ms[22m
[2m05:02:35[22m [34m[build][39m output: [34m"static"[39m
[2m05:02:35[22m [34m[build][39m mode: [34m"static"[39m
[2m05:02:35[22m [34m[build][39m directory: [34mC:\Users\Galaxy\grantwisdom-blog\dist\[39m
[2m05:02:35[22m [34m[build][39m Collecting build info...
[2m05:02:35[22m [34m[build][39m [32mΓ£ô Completed in 586ms.[39m
[2m05:02:35[22m [34m[build][39m Building static entrypoints...
[2m05:02:36[22m [34m[vite][39m [32mΓ£ô built in 923ms[39m
[2m05:02:37[22m [34m[vite][39m [32mΓ£ô built in 1.60s[39m
[2m05:02:37[22m [34m[build][39m Rearranging server assets...

[42m[30m generating static routes [39m[49m
[2m05:02:37[22m   [34mΓö£ΓöÇ[39m [2m/blog/tag/ai/index.html[22m [2m(+24ms)[22m 
[2m05:02:37[22m   [34mΓö£ΓöÇ[39m [2m/blog/tag/technology/index.html[22m [2m(+4ms)[22m 
[2m05:02:37[22m   [34mΓö£ΓöÇ[39m [2m/blog/tag/automation/index.html[22m [2m(+4ms)[22m 
[2m05:02:37[22m   [34mΓö£ΓöÇ[39m [2m/blog/tag/nonprofit/index.html[22m [2m(+3ms)[22m 
[2m05:02:37[22m   [34mΓö£ΓöÇ[39m [2m/blog/tag/funding/index.html[22m [2m(+3ms)[22m 
[2m05:02:37[22m   [34mΓö£ΓöÇ[39m [2m/blog/tag/2026/index.html[22m [2m(+2ms)[22m 
[2m05:02:37[22m   [34mΓö£ΓöÇ[39m [2m/blog/tags/index.html[22m [2m(+5ms)[22m 
[2m05:02:37[22m   [34mΓö£ΓöÇ[39m [2m/blog/technology/automation/ai-in-grant-writing/index.html[22m [2m(+4ms)[22m 
[2m05:02:37[22m   [34mΓö£ΓöÇ[39m [2m/blog/technology/automation/finding-your-first-grant/index.html[22m [2m(+4ms)[22m 
[2m05:02:37[22m   [34mΓö£ΓöÇ[39m [2m/blog/news/nonprofit/top-nonprofit-grants-2026/index.html[22m [2m(+4ms)[22m 
[2m05:02:37[22m   [34mΓö£ΓöÇ[39m [2m/blog/technology/index.html[22m [2m(+4ms)[22m 
[2m05:02:37[22m   [34mΓö£ΓöÇ[39m [2m/blog/news/index.html[22m [2m(+3ms)[22m 
[2m05:02:37[22m   [34mΓö£ΓöÇ[39m [2m/blog/index.html[22m [2m(+6ms)[22m 
[2m05:02:37[22m   [34mΓö£ΓöÇ[39m [2m/index.html[22m [2m(+4ms)[22m 
[2m05:02:37[22m [32mΓ£ô Completed in 189ms.
[39m
[2m05:02:37[22m [34m[build][39m [32mΓ£ô Completed in 2.79s.[39m
[2m05:02:37[22m [34m[build][39m 14 page(s) built in [1m3.38s[22m
[2m05:02:37[22m [34m[build][39m [1mComplete![22m
